{"/Users/seungwaakpan/Desktop/projects/event/event-chat-backend/db.js": {"path":"/Users/seungwaakpan/Desktop/projects/event/event-chat-backend/db.js","statementMap":{"0":{"start":{"line":1,"column":0},"end":{"line":1,"column":27}},"1":{"start":{"line":3,"column":17},"end":{"line":3,"column":36}},"2":{"start":{"line":4,"column":20},"end":{"line":4,"column":43}},"3":{"start":{"line":8,"column":2},"end":{"line":8,"column":32}},"4":{"start":{"line":10,"column":2},"end":{"line":12,"column":5}},"5":{"start":{"line":11,"column":4},"end":{"line":11,"column":51}},"6":{"start":{"line":14,"column":2},"end":{"line":17,"column":5}},"7":{"start":{"line":15,"column":4},"end":{"line":15,"column":69}},"8":{"start":{"line":16,"column":4},"end":{"line":16,"column":21}},"9":{"start":{"line":20,"column":0},"end":{"line":20,"column":33}}},"fnMap":{"0":{"name":"connectToDb","decl":{"start":{"line":7,"column":9},"end":{"line":7,"column":20}},"loc":{"start":{"line":7,"column":23},"end":{"line":18,"column":1}},"line":7},"1":{"name":"(anonymous_1)","decl":{"start":{"line":10,"column":38},"end":{"line":10,"column":39}},"loc":{"start":{"line":10,"column":44},"end":{"line":12,"column":3}},"line":10},"2":{"name":"(anonymous_2)","decl":{"start":{"line":14,"column":34},"end":{"line":14,"column":35}},"loc":{"start":{"line":14,"column":43},"end":{"line":17,"column":3}},"line":14}},"branchMap":{},"s":{"0":1,"1":1,"2":1,"3":1,"4":1,"5":1,"6":1,"7":0,"8":0,"9":1},"f":{"0":1,"1":1,"2":0},"b":{},"_coverageSchema":"1a1c01bbd47fc00a2c39e90264f33305004495a9","hash":"3c912666cb4b29725f8cd1ab412f428d19f9edcc"}
,"/Users/seungwaakpan/Desktop/projects/event/event-chat-backend/server.js": {"path":"/Users/seungwaakpan/Desktop/projects/event/event-chat-backend/server.js","statementMap":{"0":{"start":{"line":1,"column":16},"end":{"line":1,"column":34}},"1":{"start":{"line":2,"column":12},"end":{"line":2,"column":21}},"2":{"start":{"line":3,"column":19},"end":{"line":3,"column":39}},"3":{"start":{"line":4,"column":13},"end":{"line":4,"column":28}},"4":{"start":{"line":5,"column":15},"end":{"line":5,"column":32}},"5":{"start":{"line":6,"column":18},"end":{"line":6,"column":47}},"6":{"start":{"line":7,"column":19},"end":{"line":7,"column":49}},"7":{"start":{"line":8,"column":22},"end":{"line":8,"column":55}},"8":{"start":{"line":9,"column":25},"end":{"line":9,"column":61}},"9":{"start":{"line":10,"column":11},"end":{"line":10,"column":26}},"10":{"start":{"line":11,"column":21},"end":{"line":11,"column":41}},"11":{"start":{"line":12,"column":13},"end":{"line":12,"column":28}},"12":{"start":{"line":14,"column":15},"end":{"line":14,"column":37}},"13":{"start":{"line":16,"column":0},"end":{"line":16,"column":16}},"14":{"start":{"line":17,"column":11},"end":{"line":22,"column":2}},"15":{"start":{"line":24,"column":13},"end":{"line":24,"column":37}},"16":{"start":{"line":26,"column":0},"end":{"line":26,"column":49}},"17":{"start":{"line":27,"column":0},"end":{"line":27,"column":24}},"18":{"start":{"line":29,"column":0},"end":{"line":29,"column":17}},"19":{"start":{"line":32,"column":0},"end":{"line":32,"column":23}},"20":{"start":{"line":34,"column":0},"end":{"line":34,"column":18}},"21":{"start":{"line":36,"column":0},"end":{"line":39,"column":3}},"22":{"start":{"line":37,"column":2},"end":{"line":37,"column":14}},"23":{"start":{"line":38,"column":2},"end":{"line":38,"column":9}},"24":{"start":{"line":42,"column":0},"end":{"line":42,"column":27}},"25":{"start":{"line":43,"column":0},"end":{"line":43,"column":28}},"26":{"start":{"line":44,"column":0},"end":{"line":44,"column":35}},"27":{"start":{"line":45,"column":0},"end":{"line":45,"column":34}},"28":{"start":{"line":47,"column":0},"end":{"line":49,"column":3}},"29":{"start":{"line":48,"column":2},"end":{"line":48,"column":63}},"30":{"start":{"line":52,"column":0},"end":{"line":68,"column":3}},"31":{"start":{"line":53,"column":2},"end":{"line":53,"column":34}},"32":{"start":{"line":55,"column":2},"end":{"line":58,"column":5}},"33":{"start":{"line":56,"column":4},"end":{"line":56,"column":25}},"34":{"start":{"line":57,"column":4},"end":{"line":57,"column":49}},"35":{"start":{"line":60,"column":2},"end":{"line":63,"column":5}},"36":{"start":{"line":61,"column":4},"end":{"line":61,"column":26}},"37":{"start":{"line":62,"column":4},"end":{"line":62,"column":47}},"38":{"start":{"line":65,"column":2},"end":{"line":67,"column":5}},"39":{"start":{"line":66,"column":4},"end":{"line":66,"column":37}},"40":{"start":{"line":71,"column":0},"end":{"line":75,"column":3}},"41":{"start":{"line":72,"column":2},"end":{"line":72,"column":19}},"42":{"start":{"line":73,"column":2},"end":{"line":73,"column":32}},"43":{"start":{"line":74,"column":2},"end":{"line":74,"column":35}},"44":{"start":{"line":77,"column":0},"end":{"line":79,"column":3}},"45":{"start":{"line":78,"column":2},"end":{"line":78,"column":68}},"46":{"start":{"line":81,"column":0},"end":{"line":81,"column":29}}},"fnMap":{"0":{"name":"(anonymous_0)","decl":{"start":{"line":36,"column":8},"end":{"line":36,"column":9}},"loc":{"start":{"line":36,"column":28},"end":{"line":39,"column":1}},"line":36},"1":{"name":"(anonymous_1)","decl":{"start":{"line":47,"column":13},"end":{"line":47,"column":14}},"loc":{"start":{"line":47,"column":27},"end":{"line":49,"column":1}},"line":47},"2":{"name":"(anonymous_2)","decl":{"start":{"line":52,"column":20},"end":{"line":52,"column":21}},"loc":{"start":{"line":52,"column":32},"end":{"line":68,"column":1}},"line":52},"3":{"name":"(anonymous_3)","decl":{"start":{"line":55,"column":26},"end":{"line":55,"column":27}},"loc":{"start":{"line":55,"column":39},"end":{"line":58,"column":3}},"line":55},"4":{"name":"(anonymous_4)","decl":{"start":{"line":60,"column":27},"end":{"line":60,"column":28}},"loc":{"start":{"line":60,"column":40},"end":{"line":63,"column":3}},"line":60},"5":{"name":"(anonymous_5)","decl":{"start":{"line":65,"column":26},"end":{"line":65,"column":27}},"loc":{"start":{"line":65,"column":32},"end":{"line":67,"column":3}},"line":65},"6":{"name":"(anonymous_6)","decl":{"start":{"line":71,"column":8},"end":{"line":71,"column":9}},"loc":{"start":{"line":71,"column":39},"end":{"line":75,"column":1}},"line":71},"7":{"name":"(anonymous_7)","decl":{"start":{"line":77,"column":20},"end":{"line":77,"column":21}},"loc":{"start":{"line":77,"column":26},"end":{"line":79,"column":1}},"line":77}},"branchMap":{"0":{"loc":{"start":{"line":24,"column":13},"end":{"line":24,"column":37}},"type":"binary-expr","locations":[{"start":{"line":24,"column":13},"end":{"line":24,"column":29}},{"start":{"line":24,"column":33},"end":{"line":24,"column":37}}],"line":24},"1":{"loc":{"start":{"line":73,"column":13},"end":{"line":73,"column":30}},"type":"binary-expr","locations":[{"start":{"line":73,"column":13},"end":{"line":73,"column":23}},{"start":{"line":73,"column":27},"end":{"line":73,"column":30}}],"line":73}},"s":{"0":1,"1":1,"2":1,"3":1,"4":1,"5":1,"6":1,"7":1,"8":1,"9":1,"10":1,"11":1,"12":1,"13":1,"14":1,"15":1,"16":1,"17":1,"18":1,"19":1,"20":1,"21":1,"22":1,"23":1,"24":1,"25":1,"26":1,"27":1,"28":1,"29":1,"30":1,"31":0,"32":0,"33":0,"34":0,"35":0,"36":0,"37":0,"38":0,"39":0,"40":1,"41":0,"42":0,"43":0,"44":1,"45":1,"46":1},"f":{"0":1,"1":1,"2":0,"3":0,"4":0,"5":0,"6":0,"7":1},"b":{"0":[1,0],"1":[0,0]},"_coverageSchema":"1a1c01bbd47fc00a2c39e90264f33305004495a9","hash":"5fb4f9eee59bf6df75f910d23cf50a63c9bce36a"}
,"/Users/seungwaakpan/Desktop/projects/event/event-chat-backend/swagger.js": {"path":"/Users/seungwaakpan/Desktop/projects/event/event-chat-backend/swagger.js","statementMap":{"0":{"start":{"line":1,"column":21},"end":{"line":1,"column":45}},"1":{"start":{"line":2,"column":18},"end":{"line":2,"column":47}},"2":{"start":{"line":4,"column":16},"end":{"line":19,"column":1}},"3":{"start":{"line":21,"column":14},"end":{"line":21,"column":35}},"4":{"start":{"line":23,"column":0},"end":{"line":25,"column":2}},"5":{"start":{"line":24,"column":2},"end":{"line":24,"column":64}}},"fnMap":{"0":{"name":"(anonymous_0)","decl":{"start":{"line":23,"column":17},"end":{"line":23,"column":18}},"loc":{"start":{"line":23,"column":26},"end":{"line":25,"column":1}},"line":23}},"branchMap":{},"s":{"0":1,"1":1,"2":1,"3":1,"4":1,"5":1},"f":{"0":1},"b":{},"_coverageSchema":"1a1c01bbd47fc00a2c39e90264f33305004495a9","hash":"dce1c6effcd2fd9caea8c6c4ae7c90fa53c9c2c8"}
,"/Users/seungwaakpan/Desktop/projects/event/event-chat-backend/controllers/eventController.js": {"path":"/Users/seungwaakpan/Desktop/projects/event/event-chat-backend/controllers/eventController.js","statementMap":{"0":{"start":{"line":1,"column":14},"end":{"line":1,"column":45}},"1":{"start":{"line":2,"column":20},"end":{"line":2,"column":57}},"2":{"start":{"line":3,"column":13},"end":{"line":3,"column":43}},"3":{"start":{"line":6,"column":20},"end":{"line":26,"column":1}},"4":{"start":{"line":7,"column":2},"end":{"line":25,"column":3}},"5":{"start":{"line":8,"column":21},"end":{"line":8,"column":40}},"6":{"start":{"line":9,"column":4},"end":{"line":9,"column":26}},"7":{"start":{"line":11,"column":32},"end":{"line":17,"column":6}},"8":{"start":{"line":12,"column":26},"end":{"line":15,"column":8}},"9":{"start":{"line":16,"column":6},"end":{"line":16,"column":32}},"10":{"start":{"line":19,"column":4},"end":{"line":19,"column":43}},"11":{"start":{"line":21,"column":4},"end":{"line":21,"column":35}},"12":{"start":{"line":23,"column":4},"end":{"line":23,"column":48}},"13":{"start":{"line":24,"column":4},"end":{"line":24,"column":62}},"14":{"start":{"line":29,"column":28},"end":{"line":65,"column":1}},"15":{"start":{"line":30,"column":27},"end":{"line":30,"column":35}},"16":{"start":{"line":32,"column":2},"end":{"line":64,"column":3}},"17":{"start":{"line":33,"column":18},"end":{"line":33,"column":47}},"18":{"start":{"line":34,"column":4},"end":{"line":36,"column":5}},"19":{"start":{"line":35,"column":6},"end":{"line":35,"column":66}},"20":{"start":{"line":38,"column":32},"end":{"line":41,"column":6}},"21":{"start":{"line":42,"column":4},"end":{"line":49,"column":5}},"22":{"start":{"line":43,"column":6},"end":{"line":48,"column":11}},"23":{"start":{"line":51,"column":24},"end":{"line":54,"column":6}},"24":{"start":{"line":56,"column":4},"end":{"line":56,"column":29}},"25":{"start":{"line":58,"column":4},"end":{"line":58,"column":80}},"26":{"start":{"line":60,"column":4},"end":{"line":60,"column":47}},"27":{"start":{"line":61,"column":4},"end":{"line":63,"column":70}},"28":{"start":{"line":68,"column":30},"end":{"line":116,"column":1}},"29":{"start":{"line":69,"column":40},"end":{"line":69,"column":48}},"30":{"start":{"line":71,"column":2},"end":{"line":115,"column":3}},"31":{"start":{"line":73,"column":18},"end":{"line":76,"column":5}},"32":{"start":{"line":77,"column":4},"end":{"line":79,"column":5}},"33":{"start":{"line":78,"column":6},"end":{"line":78,"column":66}},"34":{"start":{"line":82,"column":24},"end":{"line":89,"column":6}},"35":{"start":{"line":91,"column":4},"end":{"line":91,"column":29}},"36":{"start":{"line":94,"column":22},"end":{"line":108,"column":5}},"37":{"start":{"line":100,"column":49},"end":{"line":107,"column":7}},"38":{"start":{"line":111,"column":4},"end":{"line":111,"column":54}},"39":{"start":{"line":113,"column":4},"end":{"line":113,"column":49}},"40":{"start":{"line":114,"column":4},"end":{"line":114,"column":70}},"41":{"start":{"line":119,"column":18},"end":{"line":127,"column":1}},"42":{"start":{"line":120,"column":2},"end":{"line":126,"column":3}},"43":{"start":{"line":121,"column":19},"end":{"line":121,"column":65}},"44":{"start":{"line":122,"column":4},"end":{"line":122,"column":43}},"45":{"start":{"line":124,"column":4},"end":{"line":124,"column":49}},"46":{"start":{"line":125,"column":4},"end":{"line":125,"column":63}},"47":{"start":{"line":130,"column":21},"end":{"line":144,"column":1}},"48":{"start":{"line":131,"column":2},"end":{"line":143,"column":3}},"49":{"start":{"line":132,"column":18},"end":{"line":135,"column":5}},"50":{"start":{"line":136,"column":4},"end":{"line":138,"column":5}},"51":{"start":{"line":137,"column":6},"end":{"line":137,"column":66}},"52":{"start":{"line":139,"column":4},"end":{"line":139,"column":42}},"53":{"start":{"line":141,"column":4},"end":{"line":141,"column":48}},"54":{"start":{"line":142,"column":4},"end":{"line":142,"column":62}},"55":{"start":{"line":147,"column":20},"end":{"line":171,"column":1}},"56":{"start":{"line":148,"column":17},"end":{"line":148,"column":27}},"57":{"start":{"line":149,"column":40},"end":{"line":149,"column":48}},"58":{"start":{"line":151,"column":2},"end":{"line":170,"column":3}},"59":{"start":{"line":152,"column":18},"end":{"line":152,"column":42}},"60":{"start":{"line":153,"column":4},"end":{"line":155,"column":5}},"61":{"start":{"line":154,"column":6},"end":{"line":154,"column":66}},"62":{"start":{"line":157,"column":4},"end":{"line":159,"column":5}},"63":{"start":{"line":158,"column":6},"end":{"line":158,"column":56}},"64":{"start":{"line":161,"column":4},"end":{"line":161,"column":39}},"65":{"start":{"line":162,"column":4},"end":{"line":162,"column":23}},"66":{"start":{"line":164,"column":4},"end":{"line":164,"column":75}},"67":{"start":{"line":166,"column":4},"end":{"line":166,"column":48}},"68":{"start":{"line":167,"column":4},"end":{"line":169,"column":70}},"69":{"start":{"line":174,"column":20},"end":{"line":187,"column":1}},"70":{"start":{"line":175,"column":2},"end":{"line":186,"column":3}},"71":{"start":{"line":176,"column":18},"end":{"line":176,"column":62}},"72":{"start":{"line":177,"column":4},"end":{"line":179,"column":5}},"73":{"start":{"line":178,"column":6},"end":{"line":178,"column":66}},"74":{"start":{"line":180,"column":4},"end":{"line":180,"column":68}},"75":{"start":{"line":182,"column":4},"end":{"line":182,"column":48}},"76":{"start":{"line":183,"column":4},"end":{"line":185,"column":70}},"77":{"start":{"line":189,"column":0},"end":{"line":197,"column":2}}},"fnMap":{"0":{"name":"(anonymous_0)","decl":{"start":{"line":6,"column":20},"end":{"line":6,"column":21}},"loc":{"start":{"line":6,"column":40},"end":{"line":26,"column":1}},"line":6},"1":{"name":"(anonymous_1)","decl":{"start":{"line":11,"column":54},"end":{"line":11,"column":55}},"loc":{"start":{"line":11,"column":73},"end":{"line":17,"column":5}},"line":11},"2":{"name":"(anonymous_2)","decl":{"start":{"line":29,"column":28},"end":{"line":29,"column":29}},"loc":{"start":{"line":29,"column":48},"end":{"line":65,"column":1}},"line":29},"3":{"name":"(anonymous_3)","decl":{"start":{"line":68,"column":30},"end":{"line":68,"column":31}},"loc":{"start":{"line":68,"column":50},"end":{"line":116,"column":1}},"line":68},"4":{"name":"(anonymous_4)","decl":{"start":{"line":100,"column":35},"end":{"line":100,"column":36}},"loc":{"start":{"line":100,"column":49},"end":{"line":107,"column":7}},"line":100},"5":{"name":"(anonymous_5)","decl":{"start":{"line":119,"column":18},"end":{"line":119,"column":19}},"loc":{"start":{"line":119,"column":38},"end":{"line":127,"column":1}},"line":119},"6":{"name":"(anonymous_6)","decl":{"start":{"line":130,"column":21},"end":{"line":130,"column":22}},"loc":{"start":{"line":130,"column":41},"end":{"line":144,"column":1}},"line":130},"7":{"name":"(anonymous_7)","decl":{"start":{"line":147,"column":20},"end":{"line":147,"column":21}},"loc":{"start":{"line":147,"column":40},"end":{"line":171,"column":1}},"line":147},"8":{"name":"(anonymous_8)","decl":{"start":{"line":174,"column":20},"end":{"line":174,"column":21}},"loc":{"start":{"line":174,"column":40},"end":{"line":187,"column":1}},"line":174}},"branchMap":{"0":{"loc":{"start":{"line":34,"column":4},"end":{"line":36,"column":5}},"type":"if","locations":[{"start":{"line":34,"column":4},"end":{"line":36,"column":5}},{"start":{},"end":{}}],"line":34},"1":{"loc":{"start":{"line":42,"column":4},"end":{"line":49,"column":5}},"type":"if","locations":[{"start":{"line":42,"column":4},"end":{"line":49,"column":5}},{"start":{},"end":{}}],"line":42},"2":{"loc":{"start":{"line":77,"column":4},"end":{"line":79,"column":5}},"type":"if","locations":[{"start":{"line":77,"column":4},"end":{"line":79,"column":5}},{"start":{},"end":{}}],"line":77},"3":{"loc":{"start":{"line":104,"column":15},"end":{"line":104,"column":57}},"type":"cond-expr","locations":[{"start":{"line":104,"column":32},"end":{"line":104,"column":50}},{"start":{"line":104,"column":53},"end":{"line":104,"column":57}}],"line":104},"4":{"loc":{"start":{"line":105,"column":16},"end":{"line":105,"column":59}},"type":"cond-expr","locations":[{"start":{"line":105,"column":33},"end":{"line":105,"column":52}},{"start":{"line":105,"column":55},"end":{"line":105,"column":59}}],"line":105},"5":{"loc":{"start":{"line":136,"column":4},"end":{"line":138,"column":5}},"type":"if","locations":[{"start":{"line":136,"column":4},"end":{"line":138,"column":5}},{"start":{},"end":{}}],"line":136},"6":{"loc":{"start":{"line":153,"column":4},"end":{"line":155,"column":5}},"type":"if","locations":[{"start":{"line":153,"column":4},"end":{"line":155,"column":5}},{"start":{},"end":{}}],"line":153},"7":{"loc":{"start":{"line":157,"column":4},"end":{"line":159,"column":5}},"type":"if","locations":[{"start":{"line":157,"column":4},"end":{"line":159,"column":5}},{"start":{},"end":{}}],"line":157},"8":{"loc":{"start":{"line":177,"column":4},"end":{"line":179,"column":5}},"type":"if","locations":[{"start":{"line":177,"column":4},"end":{"line":179,"column":5}},{"start":{},"end":{}}],"line":177}},"s":{"0":1,"1":1,"2":1,"3":1,"4":0,"5":0,"6":0,"7":0,"8":0,"9":0,"10":0,"11":0,"12":0,"13":0,"14":1,"15":0,"16":0,"17":0,"18":0,"19":0,"20":0,"21":0,"22":0,"23":0,"24":0,"25":0,"26":0,"27":0,"28":1,"29":0,"30":0,"31":0,"32":0,"33":0,"34":0,"35":0,"36":0,"37":0,"38":0,"39":0,"40":0,"41":1,"42":0,"43":0,"44":0,"45":0,"46":0,"47":1,"48":0,"49":0,"50":0,"51":0,"52":0,"53":0,"54":0,"55":1,"56":0,"57":0,"58":0,"59":0,"60":0,"61":0,"62":0,"63":0,"64":0,"65":0,"66":0,"67":0,"68":0,"69":1,"70":0,"71":0,"72":0,"73":0,"74":0,"75":0,"76":0,"77":1},"f":{"0":0,"1":0,"2":0,"3":0,"4":0,"5":0,"6":0,"7":0,"8":0},"b":{"0":[0,0],"1":[0,0],"2":[0,0],"3":[0,0],"4":[0,0],"5":[0,0],"6":[0,0],"7":[0,0],"8":[0,0]},"_coverageSchema":"1a1c01bbd47fc00a2c39e90264f33305004495a9","hash":"56dc2be782029dcdf675687c7cfc3c44804ac3d6"}
,"/Users/seungwaakpan/Desktop/projects/event/event-chat-backend/controllers/participantController.js": {"path":"/Users/seungwaakpan/Desktop/projects/event/event-chat-backend/controllers/participantController.js","statementMap":{"0":{"start":{"line":1,"column":20},"end":{"line":1,"column":57}},"1":{"start":{"line":4,"column":26},"end":{"line":13,"column":1}},"2":{"start":{"line":5,"column":2},"end":{"line":12,"column":3}},"3":{"start":{"line":6,"column":27},"end":{"line":6,"column":52}},"4":{"start":{"line":7,"column":4},"end":{"line":7,"column":32}},"5":{"start":{"line":8,"column":4},"end":{"line":8,"column":41}},"6":{"start":{"line":10,"column":4},"end":{"line":10,"column":23}},"7":{"start":{"line":11,"column":4},"end":{"line":11,"column":68}},"8":{"start":{"line":16,"column":24},"end":{"line":24,"column":1}},"9":{"start":{"line":17,"column":2},"end":{"line":23,"column":3}},"10":{"start":{"line":18,"column":25},"end":{"line":18,"column":84}},"11":{"start":{"line":19,"column":4},"end":{"line":19,"column":39}},"12":{"start":{"line":21,"column":4},"end":{"line":21,"column":23}},"13":{"start":{"line":22,"column":4},"end":{"line":22,"column":69}},"14":{"start":{"line":27,"column":27},"end":{"line":40,"column":1}},"15":{"start":{"line":28,"column":2},"end":{"line":39,"column":3}},"16":{"start":{"line":29,"column":26},"end":{"line":29,"column":39}},"17":{"start":{"line":31,"column":24},"end":{"line":31,"column":100}},"18":{"start":{"line":32,"column":4},"end":{"line":34,"column":5}},"19":{"start":{"line":33,"column":6},"end":{"line":33,"column":72}},"20":{"start":{"line":35,"column":4},"end":{"line":35,"column":38}},"21":{"start":{"line":37,"column":4},"end":{"line":37,"column":23}},"22":{"start":{"line":38,"column":4},"end":{"line":38,"column":68}},"23":{"start":{"line":43,"column":26},"end":{"line":57,"column":1}},"24":{"start":{"line":44,"column":17},"end":{"line":44,"column":27}},"25":{"start":{"line":45,"column":17},"end":{"line":45,"column":25}},"26":{"start":{"line":47,"column":2},"end":{"line":56,"column":3}},"27":{"start":{"line":48,"column":31},"end":{"line":48,"column":93}},"28":{"start":{"line":49,"column":4},"end":{"line":51,"column":5}},"29":{"start":{"line":50,"column":6},"end":{"line":50,"column":72}},"30":{"start":{"line":52,"column":4},"end":{"line":52,"column":45}},"31":{"start":{"line":54,"column":4},"end":{"line":54,"column":23}},"32":{"start":{"line":55,"column":4},"end":{"line":55,"column":68}},"33":{"start":{"line":60,"column":26},"end":{"line":71,"column":1}},"34":{"start":{"line":61,"column":2},"end":{"line":70,"column":3}},"35":{"start":{"line":62,"column":24},"end":{"line":62,"column":74}},"36":{"start":{"line":63,"column":4},"end":{"line":65,"column":5}},"37":{"start":{"line":64,"column":6},"end":{"line":64,"column":72}},"38":{"start":{"line":66,"column":4},"end":{"line":66,"column":74}},"39":{"start":{"line":68,"column":4},"end":{"line":68,"column":23}},"40":{"start":{"line":69,"column":4},"end":{"line":69,"column":68}},"41":{"start":{"line":73,"column":0},"end":{"line":79,"column":1}}},"fnMap":{"0":{"name":"(anonymous_0)","decl":{"start":{"line":4,"column":26},"end":{"line":4,"column":27}},"loc":{"start":{"line":4,"column":46},"end":{"line":13,"column":1}},"line":4},"1":{"name":"(anonymous_1)","decl":{"start":{"line":16,"column":24},"end":{"line":16,"column":25}},"loc":{"start":{"line":16,"column":44},"end":{"line":24,"column":1}},"line":16},"2":{"name":"(anonymous_2)","decl":{"start":{"line":27,"column":27},"end":{"line":27,"column":28}},"loc":{"start":{"line":27,"column":47},"end":{"line":40,"column":1}},"line":27},"3":{"name":"(anonymous_3)","decl":{"start":{"line":43,"column":26},"end":{"line":43,"column":27}},"loc":{"start":{"line":43,"column":46},"end":{"line":57,"column":1}},"line":43},"4":{"name":"(anonymous_4)","decl":{"start":{"line":60,"column":26},"end":{"line":60,"column":27}},"loc":{"start":{"line":60,"column":46},"end":{"line":71,"column":1}},"line":60}},"branchMap":{"0":{"loc":{"start":{"line":32,"column":4},"end":{"line":34,"column":5}},"type":"if","locations":[{"start":{"line":32,"column":4},"end":{"line":34,"column":5}},{"start":{},"end":{}}],"line":32},"1":{"loc":{"start":{"line":49,"column":4},"end":{"line":51,"column":5}},"type":"if","locations":[{"start":{"line":49,"column":4},"end":{"line":51,"column":5}},{"start":{},"end":{}}],"line":49},"2":{"loc":{"start":{"line":63,"column":4},"end":{"line":65,"column":5}},"type":"if","locations":[{"start":{"line":63,"column":4},"end":{"line":65,"column":5}},{"start":{},"end":{}}],"line":63}},"s":{"0":1,"1":1,"2":0,"3":0,"4":0,"5":0,"6":0,"7":0,"8":1,"9":0,"10":0,"11":0,"12":0,"13":0,"14":1,"15":0,"16":0,"17":0,"18":0,"19":0,"20":0,"21":0,"22":0,"23":1,"24":0,"25":0,"26":0,"27":0,"28":0,"29":0,"30":0,"31":0,"32":0,"33":1,"34":0,"35":0,"36":0,"37":0,"38":0,"39":0,"40":0,"41":1},"f":{"0":0,"1":0,"2":0,"3":0,"4":0},"b":{"0":[0,0],"1":[0,0],"2":[0,0]},"_coverageSchema":"1a1c01bbd47fc00a2c39e90264f33305004495a9","hash":"e48ccfcd0077e9b5f68a6d3cd93b6f5e4a9e39f6"}
,"/Users/seungwaakpan/Desktop/projects/event/event-chat-backend/controllers/questionController.js": {"path":"/Users/seungwaakpan/Desktop/projects/event/event-chat-backend/controllers/questionController.js","statementMap":{"0":{"start":{"line":1,"column":17},"end":{"line":1,"column":51}},"1":{"start":{"line":2,"column":14},"end":{"line":2,"column":45}},"2":{"start":{"line":3,"column":20},"end":{"line":3,"column":57}},"3":{"start":{"line":4,"column":13},"end":{"line":4,"column":43}},"4":{"start":{"line":7,"column":0},"end":{"line":119,"column":2}},"5":{"start":{"line":8,"column":2},"end":{"line":118,"column":4}},"6":{"start":{"line":10,"column":61},"end":{"line":10,"column":69}},"7":{"start":{"line":12,"column":6},"end":{"line":38,"column":7}},"8":{"start":{"line":14,"column":22},"end":{"line":14,"column":51}},"9":{"start":{"line":15,"column":8},"end":{"line":17,"column":9}},"10":{"start":{"line":16,"column":10},"end":{"line":16,"column":70}},"11":{"start":{"line":19,"column":25},"end":{"line":24,"column":10}},"12":{"start":{"line":26,"column":8},"end":{"line":26,"column":30}},"13":{"start":{"line":32,"column":8},"end":{"line":32,"column":54}},"14":{"start":{"line":34,"column":8},"end":{"line":34,"column":83}},"15":{"start":{"line":36,"column":8},"end":{"line":36,"column":52}},"16":{"start":{"line":37,"column":8},"end":{"line":37,"column":87}},"17":{"start":{"line":42,"column":6},"end":{"line":60,"column":7}},"18":{"start":{"line":43,"column":27},"end":{"line":43,"column":40}},"19":{"start":{"line":44,"column":25},"end":{"line":44,"column":60}},"20":{"start":{"line":46,"column":8},"end":{"line":48,"column":9}},"21":{"start":{"line":47,"column":10},"end":{"line":47,"column":73}},"22":{"start":{"line":50,"column":8},"end":{"line":50,"column":30}},"23":{"start":{"line":51,"column":8},"end":{"line":51,"column":30}},"24":{"start":{"line":55,"column":8},"end":{"line":55,"column":76}},"25":{"start":{"line":57,"column":8},"end":{"line":57,"column":76}},"26":{"start":{"line":59,"column":8},"end":{"line":59,"column":81}},"27":{"start":{"line":64,"column":6},"end":{"line":72,"column":7}},"28":{"start":{"line":65,"column":26},"end":{"line":67,"column":51}},"29":{"start":{"line":68,"column":8},"end":{"line":68,"column":40}},"30":{"start":{"line":70,"column":8},"end":{"line":70,"column":56}},"31":{"start":{"line":71,"column":8},"end":{"line":71,"column":90}},"32":{"start":{"line":76,"column":6},"end":{"line":87,"column":7}},"33":{"start":{"line":77,"column":25},"end":{"line":79,"column":51}},"34":{"start":{"line":80,"column":8},"end":{"line":82,"column":9}},"35":{"start":{"line":81,"column":10},"end":{"line":81,"column":73}},"36":{"start":{"line":83,"column":8},"end":{"line":83,"column":39}},"37":{"start":{"line":85,"column":8},"end":{"line":85,"column":55}},"38":{"start":{"line":86,"column":8},"end":{"line":86,"column":89}},"39":{"start":{"line":91,"column":21},"end":{"line":91,"column":31}},"40":{"start":{"line":92,"column":21},"end":{"line":92,"column":29}},"41":{"start":{"line":94,"column":6},"end":{"line":103,"column":7}},"42":{"start":{"line":95,"column":32},"end":{"line":95,"column":91}},"43":{"start":{"line":96,"column":8},"end":{"line":98,"column":9}},"44":{"start":{"line":97,"column":10},"end":{"line":97,"column":73}},"45":{"start":{"line":99,"column":8},"end":{"line":99,"column":46}},"46":{"start":{"line":101,"column":8},"end":{"line":101,"column":55}},"47":{"start":{"line":102,"column":8},"end":{"line":102,"column":89}},"48":{"start":{"line":107,"column":6},"end":{"line":116,"column":7}},"49":{"start":{"line":108,"column":25},"end":{"line":108,"column":72}},"50":{"start":{"line":109,"column":8},"end":{"line":111,"column":9}},"51":{"start":{"line":110,"column":10},"end":{"line":110,"column":73}},"52":{"start":{"line":112,"column":8},"end":{"line":112,"column":75}},"53":{"start":{"line":114,"column":8},"end":{"line":114,"column":55}},"54":{"start":{"line":115,"column":8},"end":{"line":115,"column":89}}},"fnMap":{"0":{"name":"(anonymous_0)","decl":{"start":{"line":7,"column":17},"end":{"line":7,"column":18}},"loc":{"start":{"line":7,"column":30},"end":{"line":119,"column":1}},"line":7},"1":{"name":"(anonymous_1)","decl":{"start":{"line":9,"column":17},"end":{"line":9,"column":18}},"loc":{"start":{"line":9,"column":37},"end":{"line":39,"column":5}},"line":9},"2":{"name":"(anonymous_2)","decl":{"start":{"line":41,"column":22},"end":{"line":41,"column":23}},"loc":{"start":{"line":41,"column":42},"end":{"line":61,"column":5}},"line":41},"3":{"name":"(anonymous_3)","decl":{"start":{"line":63,"column":18},"end":{"line":63,"column":19}},"loc":{"start":{"line":63,"column":38},"end":{"line":73,"column":5}},"line":63},"4":{"name":"(anonymous_4)","decl":{"start":{"line":75,"column":21},"end":{"line":75,"column":22}},"loc":{"start":{"line":75,"column":41},"end":{"line":88,"column":5}},"line":75},"5":{"name":"(anonymous_5)","decl":{"start":{"line":90,"column":20},"end":{"line":90,"column":21}},"loc":{"start":{"line":90,"column":40},"end":{"line":104,"column":5}},"line":90},"6":{"name":"(anonymous_6)","decl":{"start":{"line":106,"column":20},"end":{"line":106,"column":21}},"loc":{"start":{"line":106,"column":40},"end":{"line":117,"column":5}},"line":106}},"branchMap":{"0":{"loc":{"start":{"line":15,"column":8},"end":{"line":17,"column":9}},"type":"if","locations":[{"start":{"line":15,"column":8},"end":{"line":17,"column":9}},{"start":{},"end":{}}],"line":15},"1":{"loc":{"start":{"line":46,"column":8},"end":{"line":48,"column":9}},"type":"if","locations":[{"start":{"line":46,"column":8},"end":{"line":48,"column":9}},{"start":{},"end":{}}],"line":46},"2":{"loc":{"start":{"line":80,"column":8},"end":{"line":82,"column":9}},"type":"if","locations":[{"start":{"line":80,"column":8},"end":{"line":82,"column":9}},{"start":{},"end":{}}],"line":80},"3":{"loc":{"start":{"line":96,"column":8},"end":{"line":98,"column":9}},"type":"if","locations":[{"start":{"line":96,"column":8},"end":{"line":98,"column":9}},{"start":{},"end":{}}],"line":96},"4":{"loc":{"start":{"line":109,"column":8},"end":{"line":111,"column":9}},"type":"if","locations":[{"start":{"line":109,"column":8},"end":{"line":111,"column":9}},{"start":{},"end":{}}],"line":109}},"s":{"0":1,"1":1,"2":1,"3":1,"4":1,"5":1,"6":0,"7":0,"8":0,"9":0,"10":0,"11":0,"12":0,"13":0,"14":0,"15":0,"16":0,"17":0,"18":0,"19":0,"20":0,"21":0,"22":0,"23":0,"24":0,"25":0,"26":0,"27":0,"28":0,"29":0,"30":0,"31":0,"32":0,"33":0,"34":0,"35":0,"36":0,"37":0,"38":0,"39":0,"40":0,"41":0,"42":0,"43":0,"44":0,"45":0,"46":0,"47":0,"48":0,"49":0,"50":0,"51":0,"52":0,"53":0,"54":0},"f":{"0":1,"1":0,"2":0,"3":0,"4":0,"5":0,"6":0},"b":{"0":[0,0],"1":[0,0],"2":[0,0],"3":[0,0],"4":[0,0]},"_coverageSchema":"1a1c01bbd47fc00a2c39e90264f33305004495a9","hash":"d09582be5d8fb2d441db0f7be84e5afca51a374f"}
,"/Users/seungwaakpan/Desktop/projects/event/event-chat-backend/controllers/userController.js": {"path":"/Users/seungwaakpan/Desktop/projects/event/event-chat-backend/controllers/userController.js","statementMap":{"0":{"start":{"line":1,"column":18},"end":{"line":1,"column":48}},"1":{"start":{"line":2,"column":12},"end":{"line":2,"column":35}},"2":{"start":{"line":3,"column":0},"end":{"line":3,"column":26}},"3":{"start":{"line":4,"column":27},"end":{"line":4,"column":62}},"4":{"start":{"line":5,"column":15},"end":{"line":5,"column":32}},"5":{"start":{"line":9,"column":19},"end":{"line":27,"column":7}},"6":{"start":{"line":10,"column":8},"end":{"line":26,"column":9}},"7":{"start":{"line":11,"column":26},"end":{"line":11,"column":49}},"8":{"start":{"line":12,"column":10},"end":{"line":12,"column":31}},"9":{"start":{"line":13,"column":25},"end":{"line":13,"column":95}},"10":{"start":{"line":14,"column":10},"end":{"line":14,"column":55}},"11":{"start":{"line":16,"column":10},"end":{"line":16,"column":91}},"12":{"start":{"line":21,"column":10},"end":{"line":23,"column":11}},"13":{"start":{"line":22,"column":12},"end":{"line":22,"column":77}},"14":{"start":{"line":24,"column":10},"end":{"line":24,"column":29}},"15":{"start":{"line":25,"column":10},"end":{"line":25,"column":67}},"16":{"start":{"line":29,"column":15},"end":{"line":58,"column":1}},"17":{"start":{"line":30,"column":4},"end":{"line":57,"column":5}},"18":{"start":{"line":31,"column":78},"end":{"line":31,"column":86}},"19":{"start":{"line":34,"column":29},"end":{"line":34,"column":63}},"20":{"start":{"line":35,"column":8},"end":{"line":37,"column":9}},"21":{"start":{"line":36,"column":12},"end":{"line":36,"column":77}},"22":{"start":{"line":39,"column":24},"end":{"line":46,"column":10}},"23":{"start":{"line":48,"column":8},"end":{"line":48,"column":29}},"24":{"start":{"line":51,"column":8},"end":{"line":53,"column":11}},"25":{"start":{"line":55,"column":8},"end":{"line":55,"column":29}},"26":{"start":{"line":56,"column":8},"end":{"line":56,"column":65}},"27":{"start":{"line":61,"column":14},"end":{"line":99,"column":1}},"28":{"start":{"line":62,"column":4},"end":{"line":98,"column":5}},"29":{"start":{"line":63,"column":32},"end":{"line":63,"column":40}},"30":{"start":{"line":65,"column":21},"end":{"line":67,"column":10}},"31":{"start":{"line":69,"column":8},"end":{"line":73,"column":9}},"32":{"start":{"line":70,"column":12},"end":{"line":72,"column":14}},"33":{"start":{"line":75,"column":30},"end":{"line":75,"column":82}},"34":{"start":{"line":77,"column":8},"end":{"line":81,"column":9}},"35":{"start":{"line":78,"column":12},"end":{"line":80,"column":14}},"36":{"start":{"line":83,"column":22},"end":{"line":85,"column":32}},"37":{"start":{"line":87,"column":8},"end":{"line":91,"column":10}},"38":{"start":{"line":93,"column":8},"end":{"line":93,"column":36}},"39":{"start":{"line":94,"column":8},"end":{"line":97,"column":10}},"40":{"start":{"line":103,"column":17},"end":{"line":111,"column":3}},"41":{"start":{"line":104,"column":4},"end":{"line":110,"column":5}},"42":{"start":{"line":105,"column":20},"end":{"line":105,"column":42}},"43":{"start":{"line":106,"column":6},"end":{"line":106,"column":44}},"44":{"start":{"line":108,"column":6},"end":{"line":108,"column":25}},"45":{"start":{"line":109,"column":6},"end":{"line":109,"column":64}},"46":{"start":{"line":115,"column":20},"end":{"line":126,"column":1}},"47":{"start":{"line":116,"column":4},"end":{"line":125,"column":5}},"48":{"start":{"line":117,"column":21},"end":{"line":117,"column":60}},"49":{"start":{"line":118,"column":8},"end":{"line":120,"column":9}},"50":{"start":{"line":119,"column":12},"end":{"line":119,"column":71}},"51":{"start":{"line":121,"column":8},"end":{"line":121,"column":23}},"52":{"start":{"line":123,"column":8},"end":{"line":123,"column":29}},"53":{"start":{"line":124,"column":8},"end":{"line":124,"column":65}},"54":{"start":{"line":129,"column":23},"end":{"line":140,"column":1}},"55":{"start":{"line":130,"column":4},"end":{"line":139,"column":5}},"56":{"start":{"line":131,"column":21},"end":{"line":131,"column":94}},"57":{"start":{"line":132,"column":8},"end":{"line":134,"column":9}},"58":{"start":{"line":133,"column":12},"end":{"line":133,"column":71}},"59":{"start":{"line":135,"column":8},"end":{"line":135,"column":23}},"60":{"start":{"line":137,"column":8},"end":{"line":137,"column":29}},"61":{"start":{"line":138,"column":8},"end":{"line":138,"column":65}},"62":{"start":{"line":143,"column":23},"end":{"line":154,"column":1}},"63":{"start":{"line":144,"column":4},"end":{"line":153,"column":5}},"64":{"start":{"line":145,"column":21},"end":{"line":145,"column":69}},"65":{"start":{"line":146,"column":8},"end":{"line":148,"column":9}},"66":{"start":{"line":147,"column":12},"end":{"line":147,"column":71}},"67":{"start":{"line":149,"column":8},"end":{"line":149,"column":59}},"68":{"start":{"line":151,"column":8},"end":{"line":151,"column":29}},"69":{"start":{"line":152,"column":8},"end":{"line":152,"column":65}},"70":{"start":{"line":157,"column":0},"end":{"line":165,"column":1}}},"fnMap":{"0":{"name":"(anonymous_0)","decl":{"start":{"line":9,"column":19},"end":{"line":9,"column":20}},"loc":{"start":{"line":9,"column":39},"end":{"line":27,"column":7}},"line":9},"1":{"name":"(anonymous_1)","decl":{"start":{"line":29,"column":15},"end":{"line":29,"column":16}},"loc":{"start":{"line":29,"column":35},"end":{"line":58,"column":1}},"line":29},"2":{"name":"(anonymous_2)","decl":{"start":{"line":61,"column":14},"end":{"line":61,"column":15}},"loc":{"start":{"line":61,"column":34},"end":{"line":99,"column":1}},"line":61},"3":{"name":"(anonymous_3)","decl":{"start":{"line":103,"column":17},"end":{"line":103,"column":18}},"loc":{"start":{"line":103,"column":37},"end":{"line":111,"column":3}},"line":103},"4":{"name":"(anonymous_4)","decl":{"start":{"line":115,"column":20},"end":{"line":115,"column":21}},"loc":{"start":{"line":115,"column":40},"end":{"line":126,"column":1}},"line":115},"5":{"name":"(anonymous_5)","decl":{"start":{"line":129,"column":23},"end":{"line":129,"column":24}},"loc":{"start":{"line":129,"column":43},"end":{"line":140,"column":1}},"line":129},"6":{"name":"(anonymous_6)","decl":{"start":{"line":143,"column":23},"end":{"line":143,"column":24}},"loc":{"start":{"line":143,"column":43},"end":{"line":154,"column":1}},"line":143}},"branchMap":{"0":{"loc":{"start":{"line":21,"column":10},"end":{"line":23,"column":11}},"type":"if","locations":[{"start":{"line":21,"column":10},"end":{"line":23,"column":11}},{"start":{},"end":{}}],"line":21},"1":{"loc":{"start":{"line":21,"column":14},"end":{"line":21,"column":54}},"type":"binary-expr","locations":[{"start":{"line":21,"column":14},"end":{"line":21,"column":32}},{"start":{"line":21,"column":36},"end":{"line":21,"column":54}}],"line":21},"2":{"loc":{"start":{"line":35,"column":8},"end":{"line":37,"column":9}},"type":"if","locations":[{"start":{"line":35,"column":8},"end":{"line":37,"column":9}},{"start":{},"end":{}}],"line":35},"3":{"loc":{"start":{"line":69,"column":8},"end":{"line":73,"column":9}},"type":"if","locations":[{"start":{"line":69,"column":8},"end":{"line":73,"column":9}},{"start":{},"end":{}}],"line":69},"4":{"loc":{"start":{"line":77,"column":8},"end":{"line":81,"column":9}},"type":"if","locations":[{"start":{"line":77,"column":8},"end":{"line":81,"column":9}},{"start":{},"end":{}}],"line":77},"5":{"loc":{"start":{"line":118,"column":8},"end":{"line":120,"column":9}},"type":"if","locations":[{"start":{"line":118,"column":8},"end":{"line":120,"column":9}},{"start":{},"end":{}}],"line":118},"6":{"loc":{"start":{"line":132,"column":8},"end":{"line":134,"column":9}},"type":"if","locations":[{"start":{"line":132,"column":8},"end":{"line":134,"column":9}},{"start":{},"end":{}}],"line":132},"7":{"loc":{"start":{"line":146,"column":8},"end":{"line":148,"column":9}},"type":"if","locations":[{"start":{"line":146,"column":8},"end":{"line":148,"column":9}},{"start":{},"end":{}}],"line":146}},"s":{"0":1,"1":1,"2":1,"3":1,"4":1,"5":1,"6":0,"7":0,"8":0,"9":0,"10":0,"11":0,"12":0,"13":0,"14":0,"15":0,"16":1,"17":0,"18":0,"19":0,"20":0,"21":0,"22":0,"23":0,"24":0,"25":0,"26":0,"27":1,"28":0,"29":0,"30":0,"31":0,"32":0,"33":0,"34":0,"35":0,"36":0,"37":0,"38":0,"39":0,"40":1,"41":0,"42":0,"43":0,"44":0,"45":0,"46":1,"47":0,"48":0,"49":0,"50":0,"51":0,"52":0,"53":0,"54":1,"55":0,"56":0,"57":0,"58":0,"59":0,"60":0,"61":0,"62":1,"63":0,"64":0,"65":0,"66":0,"67":0,"68":0,"69":0,"70":1},"f":{"0":0,"1":0,"2":0,"3":0,"4":0,"5":0,"6":0},"b":{"0":[0,0],"1":[0,0],"2":[0,0],"3":[0,0],"4":[0,0],"5":[0,0],"6":[0,0],"7":[0,0]},"_coverageSchema":"1a1c01bbd47fc00a2c39e90264f33305004495a9","hash":"6721ca6ffbda0de1715b8a6484931cfacb77bdd3"}
,"/Users/seungwaakpan/Desktop/projects/event/event-chat-backend/middlewares/auth.js": {"path":"/Users/seungwaakpan/Desktop/projects/event/event-chat-backend/middlewares/auth.js","statementMap":{"0":{"start":{"line":1,"column":12},"end":{"line":1,"column":35}},"1":{"start":{"line":2,"column":18},"end":{"line":2,"column":48}},"2":{"start":{"line":4,"column":0},"end":{"line":4,"column":26}},"3":{"start":{"line":6,"column":19},"end":{"line":6,"column":41}},"4":{"start":{"line":9,"column":24},"end":{"line":40,"column":1}},"5":{"start":{"line":10,"column":4},"end":{"line":39,"column":5}},"6":{"start":{"line":11,"column":23},"end":{"line":11,"column":34}},"7":{"start":{"line":13,"column":4},"end":{"line":15,"column":5}},"8":{"start":{"line":14,"column":8},"end":{"line":14,"column":79}},"9":{"start":{"line":17,"column":18},"end":{"line":17,"column":56}},"10":{"start":{"line":19,"column":21},"end":{"line":19,"column":56}},"11":{"start":{"line":22,"column":17},"end":{"line":22,"column":90}},"12":{"start":{"line":25,"column":4},"end":{"line":29,"column":5}},"13":{"start":{"line":26,"column":8},"end":{"line":28,"column":10}},"14":{"start":{"line":31,"column":4},"end":{"line":31,"column":20}},"15":{"start":{"line":33,"column":4},"end":{"line":33,"column":10}},"16":{"start":{"line":35,"column":8},"end":{"line":35,"column":26}},"17":{"start":{"line":36,"column":8},"end":{"line":38,"column":10}},"18":{"start":{"line":43,"column":19},"end":{"line":48,"column":1}},"19":{"start":{"line":44,"column":4},"end":{"line":46,"column":5}},"20":{"start":{"line":45,"column":8},"end":{"line":45,"column":76}},"21":{"start":{"line":47,"column":4},"end":{"line":47,"column":10}},"22":{"start":{"line":51,"column":0},"end":{"line":54,"column":1}}},"fnMap":{"0":{"name":"(anonymous_0)","decl":{"start":{"line":9,"column":24},"end":{"line":9,"column":25}},"loc":{"start":{"line":9,"column":50},"end":{"line":40,"column":1}},"line":9},"1":{"name":"(anonymous_1)","decl":{"start":{"line":43,"column":19},"end":{"line":43,"column":20}},"loc":{"start":{"line":43,"column":39},"end":{"line":48,"column":1}},"line":43}},"branchMap":{"0":{"loc":{"start":{"line":13,"column":4},"end":{"line":15,"column":5}},"type":"if","locations":[{"start":{"line":13,"column":4},"end":{"line":15,"column":5}},{"start":{},"end":{}}],"line":13},"1":{"loc":{"start":{"line":25,"column":4},"end":{"line":29,"column":5}},"type":"if","locations":[{"start":{"line":25,"column":4},"end":{"line":29,"column":5}},{"start":{},"end":{}}],"line":25},"2":{"loc":{"start":{"line":44,"column":4},"end":{"line":46,"column":5}},"type":"if","locations":[{"start":{"line":44,"column":4},"end":{"line":46,"column":5}},{"start":{},"end":{}}],"line":44}},"s":{"0":1,"1":1,"2":1,"3":1,"4":1,"5":0,"6":0,"7":0,"8":0,"9":0,"10":0,"11":0,"12":0,"13":0,"14":0,"15":0,"16":0,"17":0,"18":1,"19":0,"20":0,"21":0,"22":1},"f":{"0":0,"1":0},"b":{"0":[0,0],"1":[0,0],"2":[0,0]},"_coverageSchema":"1a1c01bbd47fc00a2c39e90264f33305004495a9","hash":"bfab3ce148d6bf0fc2285aadcec8f691e168b5f5"}
,"/Users/seungwaakpan/Desktop/projects/event/event-chat-backend/middlewares/validate.js": {"path":"/Users/seungwaakpan/Desktop/projects/event/event-chat-backend/middlewares/validate.js","statementMap":{"0":{"start":{"line":1,"column":12},"end":{"line":1,"column":26}},"1":{"start":{"line":2,"column":19},"end":{"line":2,"column":41}},"2":{"start":{"line":3,"column":13},"end":{"line":3,"column":37}},"3":{"start":{"line":4,"column":17},"end":{"line":4,"column":45}},"4":{"start":{"line":6,"column":17},"end":{"line":19,"column":1}},"5":{"start":{"line":6,"column":29},"end":{"line":19,"column":1}},"6":{"start":{"line":7,"column":22},"end":{"line":7,"column":63}},"7":{"start":{"line":8,"column":17},"end":{"line":8,"column":52}},"8":{"start":{"line":9,"column":27},"end":{"line":11,"column":21}},"9":{"start":{"line":13,"column":2},"end":{"line":16,"column":3}},"10":{"start":{"line":14,"column":25},"end":{"line":14,"column":83}},"11":{"start":{"line":14,"column":56},"end":{"line":14,"column":71}},"12":{"start":{"line":15,"column":4},"end":{"line":15,"column":68}},"13":{"start":{"line":17,"column":2},"end":{"line":17,"column":28}},"14":{"start":{"line":18,"column":2},"end":{"line":18,"column":16}},"15":{"start":{"line":21,"column":0},"end":{"line":21,"column":26}}},"fnMap":{"0":{"name":"(anonymous_0)","decl":{"start":{"line":6,"column":17},"end":{"line":6,"column":18}},"loc":{"start":{"line":6,"column":29},"end":{"line":19,"column":1}},"line":6},"1":{"name":"(anonymous_1)","decl":{"start":{"line":6,"column":29},"end":{"line":6,"column":30}},"loc":{"start":{"line":6,"column":49},"end":{"line":19,"column":1}},"line":6},"2":{"name":"(anonymous_2)","decl":{"start":{"line":14,"column":43},"end":{"line":14,"column":44}},"loc":{"start":{"line":14,"column":56},"end":{"line":14,"column":71}},"line":14}},"branchMap":{"0":{"loc":{"start":{"line":13,"column":2},"end":{"line":16,"column":3}},"type":"if","locations":[{"start":{"line":13,"column":2},"end":{"line":16,"column":3}},{"start":{},"end":{}}],"line":13}},"s":{"0":1,"1":1,"2":1,"3":1,"4":1,"5":12,"6":0,"7":0,"8":0,"9":0,"10":0,"11":0,"12":0,"13":0,"14":0,"15":1},"f":{"0":12,"1":0,"2":0},"b":{"0":[0,0]},"_coverageSchema":"1a1c01bbd47fc00a2c39e90264f33305004495a9","hash":"6b9c37bb6b01ff1b8d379110000161e70d60fdad"}
,"/Users/seungwaakpan/Desktop/projects/event/event-chat-backend/models/eventModel.js": {"path":"/Users/seungwaakpan/Desktop/projects/event/event-chat-backend/models/eventModel.js","statementMap":{"0":{"start":{"line":1,"column":20},"end":{"line":1,"column":34}},"1":{"start":{"line":2,"column":17},"end":{"line":2,"column":36}},"2":{"start":{"line":4,"column":15},"end":{"line":4,"column":30}},"3":{"start":{"line":7,"column":22},"end":{"line":14,"column":2}},"4":{"start":{"line":16,"column":20},"end":{"line":38,"column":2}},"5":{"start":{"line":40,"column":0},"end":{"line":40,"column":54}}},"fnMap":{},"branchMap":{},"s":{"0":1,"1":1,"2":1,"3":1,"4":1,"5":1},"f":{},"b":{},"_coverageSchema":"1a1c01bbd47fc00a2c39e90264f33305004495a9","hash":"10421d5209a57e25ca5a52e92686528bb6c83042"}
,"/Users/seungwaakpan/Desktop/projects/event/event-chat-backend/models/participantModel.js": {"path":"/Users/seungwaakpan/Desktop/projects/event/event-chat-backend/models/participantModel.js","statementMap":{"0":{"start":{"line":1,"column":17},"end":{"line":1,"column":36}},"1":{"start":{"line":3,"column":15},"end":{"line":3,"column":30}},"2":{"start":{"line":5,"column":26},"end":{"line":34,"column":4}},"3":{"start":{"line":36,"column":2},"end":{"line":36,"column":68}}},"fnMap":{},"branchMap":{},"s":{"0":1,"1":1,"2":1,"3":1},"f":{},"b":{},"_coverageSchema":"1a1c01bbd47fc00a2c39e90264f33305004495a9","hash":"e9ea8f820c158910b8da15a4dbd9b7dcedc48a91"}
,"/Users/seungwaakpan/Desktop/projects/event/event-chat-backend/models/questionModel.js": {"path":"/Users/seungwaakpan/Desktop/projects/event/event-chat-backend/models/questionModel.js","statementMap":{"0":{"start":{"line":1,"column":17},"end":{"line":1,"column":36}},"1":{"start":{"line":3,"column":15},"end":{"line":3,"column":30}},"2":{"start":{"line":5,"column":23},"end":{"line":38,"column":4}},"3":{"start":{"line":40,"column":2},"end":{"line":40,"column":62}}},"fnMap":{},"branchMap":{},"s":{"0":1,"1":1,"2":1,"3":1},"f":{},"b":{},"_coverageSchema":"1a1c01bbd47fc00a2c39e90264f33305004495a9","hash":"7a3c612f83d1f12527d361f2af0bec776bd94064"}
,"/Users/seungwaakpan/Desktop/projects/event/event-chat-backend/models/userModel.js": {"path":"/Users/seungwaakpan/Desktop/projects/event/event-chat-backend/models/userModel.js","statementMap":{"0":{"start":{"line":1,"column":17},"end":{"line":1,"column":36}},"1":{"start":{"line":2,"column":15},"end":{"line":2,"column":32}},"2":{"start":{"line":4,"column":15},"end":{"line":4,"column":30}},"3":{"start":{"line":6,"column":19},"end":{"line":33,"column":4}},"4":{"start":{"line":36,"column":0},"end":{"line":42,"column":2}},"5":{"start":{"line":37,"column":15},"end":{"line":37,"column":19}},"6":{"start":{"line":38,"column":15},"end":{"line":38,"column":51}},"7":{"start":{"line":40,"column":2},"end":{"line":40,"column":23}},"8":{"start":{"line":41,"column":2},"end":{"line":41,"column":9}},"9":{"start":{"line":44,"column":0},"end":{"line":49,"column":1}},"10":{"start":{"line":45,"column":15},"end":{"line":45,"column":19}},"11":{"start":{"line":46,"column":18},"end":{"line":46,"column":63}},"12":{"start":{"line":48,"column":2},"end":{"line":48,"column":17}},"13":{"start":{"line":54,"column":0},"end":{"line":54,"column":52}}},"fnMap":{"0":{"name":"(anonymous_0)","decl":{"start":{"line":36,"column":23},"end":{"line":36,"column":24}},"loc":{"start":{"line":36,"column":45},"end":{"line":42,"column":1}},"line":36},"1":{"name":"(anonymous_1)","decl":{"start":{"line":44,"column":37},"end":{"line":44,"column":38}},"loc":{"start":{"line":44,"column":62},"end":{"line":49,"column":1}},"line":44}},"branchMap":{},"s":{"0":1,"1":1,"2":1,"3":1,"4":1,"5":0,"6":0,"7":0,"8":0,"9":1,"10":0,"11":0,"12":0,"13":1},"f":{"0":0,"1":0},"b":{},"_coverageSchema":"1a1c01bbd47fc00a2c39e90264f33305004495a9","hash":"dc927478c08b180905f49303f37c4925afe58ff8"}
,"/Users/seungwaakpan/Desktop/projects/event/event-chat-backend/routes/eventRoute.js": {"path":"/Users/seungwaakpan/Desktop/projects/event/event-chat-backend/routes/eventRoute.js","statementMap":{"0":{"start":{"line":1,"column":16},"end":{"line":1,"column":34}},"1":{"start":{"line":2,"column":19},"end":{"line":2,"column":35}},"2":{"start":{"line":3,"column":24},"end":{"line":3,"column":65}},"3":{"start":{"line":4,"column":40},"end":{"line":4,"column":70}},"4":{"start":{"line":5,"column":85},"end":{"line":5,"column":125}},"5":{"start":{"line":6,"column":19},"end":{"line":6,"column":53}},"6":{"start":{"line":9,"column":0},"end":{"line":9,"column":81}},"7":{"start":{"line":11,"column":0},"end":{"line":11,"column":60}},"8":{"start":{"line":13,"column":0},"end":{"line":13,"column":110}},"9":{"start":{"line":15,"column":0},"end":{"line":15,"column":116}},"10":{"start":{"line":17,"column":0},"end":{"line":17,"column":107}},"11":{"start":{"line":19,"column":0},"end":{"line":19,"column":116}},"12":{"start":{"line":21,"column":0},"end":{"line":21,"column":90}},"13":{"start":{"line":23,"column":0},"end":{"line":23,"column":28}}},"fnMap":{},"branchMap":{},"s":{"0":1,"1":1,"2":1,"3":1,"4":1,"5":1,"6":1,"7":1,"8":1,"9":1,"10":1,"11":1,"12":1,"13":1},"f":{},"b":{},"_coverageSchema":"1a1c01bbd47fc00a2c39e90264f33305004495a9","hash":"538d63cd7d1572ceee73d0744a0a861faed9acdc"}
,"/Users/seungwaakpan/Desktop/projects/event/event-chat-backend/routes/participantRoute.js": {"path":"/Users/seungwaakpan/Desktop/projects/event/event-chat-backend/routes/participantRoute.js","statementMap":{"0":{"start":{"line":1,"column":16},"end":{"line":1,"column":34}},"1":{"start":{"line":2,"column":25},"end":{"line":2,"column":41}},"2":{"start":{"line":3,"column":30},"end":{"line":3,"column":77}},"3":{"start":{"line":4,"column":40},"end":{"line":4,"column":70}},"4":{"start":{"line":5,"column":51},"end":{"line":5,"column":97}},"5":{"start":{"line":6,"column":19},"end":{"line":6,"column":53}},"6":{"start":{"line":9,"column":0},"end":{"line":9,"column":105}},"7":{"start":{"line":11,"column":0},"end":{"line":11,"column":112}},"8":{"start":{"line":13,"column":0},"end":{"line":13,"column":125}},"9":{"start":{"line":15,"column":0},"end":{"line":15,"column":134}},"10":{"start":{"line":17,"column":0},"end":{"line":17,"column":102}},"11":{"start":{"line":19,"column":0},"end":{"line":19,"column":34}}},"fnMap":{},"branchMap":{},"s":{"0":1,"1":1,"2":1,"3":1,"4":1,"5":1,"6":1,"7":1,"8":1,"9":1,"10":1,"11":1},"f":{},"b":{},"_coverageSchema":"1a1c01bbd47fc00a2c39e90264f33305004495a9","hash":"565c8302090df24f30abd5f8be944abb9a262fbb"}
,"/Users/seungwaakpan/Desktop/projects/event/event-chat-backend/routes/questionRoute.js": {"path":"/Users/seungwaakpan/Desktop/projects/event/event-chat-backend/routes/questionRoute.js","statementMap":{"0":{"start":{"line":1,"column":0},"end":{"line":27,"column":1}},"1":{"start":{"line":2,"column":20},"end":{"line":2,"column":38}},"2":{"start":{"line":3,"column":26},"end":{"line":3,"column":42}},"3":{"start":{"line":4,"column":31},"end":{"line":4,"column":79}},"4":{"start":{"line":5,"column":70},"end":{"line":5,"column":113}},"5":{"start":{"line":6,"column":44},"end":{"line":6,"column":74}},"6":{"start":{"line":7,"column":23},"end":{"line":7,"column":57}},"7":{"start":{"line":12,"column":4},"end":{"line":12,"column":97}},"8":{"start":{"line":14,"column":4},"end":{"line":14,"column":104}},"9":{"start":{"line":16,"column":4},"end":{"line":16,"column":81}},"10":{"start":{"line":20,"column":4},"end":{"line":20,"column":101}},"11":{"start":{"line":22,"column":4},"end":{"line":22,"column":108}},"12":{"start":{"line":24,"column":4},"end":{"line":24,"column":77}},"13":{"start":{"line":26,"column":4},"end":{"line":26,"column":24}}},"fnMap":{"0":{"name":"(anonymous_0)","decl":{"start":{"line":1,"column":17},"end":{"line":1,"column":18}},"loc":{"start":{"line":1,"column":30},"end":{"line":27,"column":1}},"line":1}},"branchMap":{},"s":{"0":1,"1":1,"2":1,"3":1,"4":1,"5":1,"6":1,"7":1,"8":1,"9":1,"10":1,"11":1,"12":1,"13":1},"f":{"0":1},"b":{},"_coverageSchema":"1a1c01bbd47fc00a2c39e90264f33305004495a9","hash":"5789983b44312fe224034322c2a389f4ceaad681"}
,"/Users/seungwaakpan/Desktop/projects/event/event-chat-backend/routes/userRoute.js": {"path":"/Users/seungwaakpan/Desktop/projects/event/event-chat-backend/routes/userRoute.js","statementMap":{"0":{"start":{"line":1,"column":16},"end":{"line":1,"column":34}},"1":{"start":{"line":2,"column":18},"end":{"line":2,"column":34}},"2":{"start":{"line":3,"column":23},"end":{"line":3,"column":63}},"3":{"start":{"line":4,"column":70},"end":{"line":4,"column":109}},"4":{"start":{"line":5,"column":19},"end":{"line":5,"column":53}},"5":{"start":{"line":6,"column":39},"end":{"line":6,"column":69}},"6":{"start":{"line":8,"column":0},"end":{"line":8,"column":27}},"7":{"start":{"line":11,"column":0},"end":{"line":11,"column":72}},"8":{"start":{"line":13,"column":0},"end":{"line":13,"column":105}},"9":{"start":{"line":15,"column":0},"end":{"line":15,"column":70}},"10":{"start":{"line":17,"column":0},"end":{"line":17,"column":79}},"11":{"start":{"line":19,"column":0},"end":{"line":19,"column":86}},"12":{"start":{"line":21,"column":0},"end":{"line":21,"column":118}},"13":{"start":{"line":23,"column":0},"end":{"line":23,"column":92}},"14":{"start":{"line":27,"column":0},"end":{"line":27,"column":27}}},"fnMap":{},"branchMap":{},"s":{"0":1,"1":1,"2":1,"3":1,"4":1,"5":1,"6":1,"7":1,"8":1,"9":1,"10":1,"11":1,"12":1,"13":1,"14":1},"f":{},"b":{},"_coverageSchema":"1a1c01bbd47fc00a2c39e90264f33305004495a9","hash":"ff1d7949d2d003b00455f3355ad0632996820e77"}
,"/Users/seungwaakpan/Desktop/projects/event/event-chat-backend/services/emailService.js": {"path":"/Users/seungwaakpan/Desktop/projects/event/event-chat-backend/services/emailService.js","statementMap":{"0":{"start":{"line":1,"column":0},"end":{"line":1,"column":26}},"1":{"start":{"line":2,"column":19},"end":{"line":2,"column":40}},"2":{"start":{"line":4,"column":14},"end":{"line":4,"column":31}},"3":{"start":{"line":5,"column":17},"end":{"line":5,"column":37}},"4":{"start":{"line":8,"column":27},"end":{"line":35,"column":1}},"5":{"start":{"line":9,"column":24},"end":{"line":17,"column":8}},"6":{"start":{"line":22,"column":21},"end":{"line":28,"column":10}},"7":{"start":{"line":30,"column":8},"end":{"line":30,"column":56}},"8":{"start":{"line":34,"column":6},"end":{"line":34,"column":34}},"9":{"start":{"line":40,"column":30},"end":{"line":64,"column":1}},"10":{"start":{"line":41,"column":19},"end":{"line":41,"column":75}},"11":{"start":{"line":43,"column":19},"end":{"line":46,"column":7}},"12":{"start":{"line":47,"column":25},"end":{"line":51,"column":7}},"13":{"start":{"line":53,"column":6},"end":{"line":62,"column":42}},"14":{"start":{"line":66,"column":0},"end":{"line":66,"column":35}}},"fnMap":{"0":{"name":"(anonymous_0)","decl":{"start":{"line":8,"column":27},"end":{"line":8,"column":28}},"loc":{"start":{"line":8,"column":47},"end":{"line":35,"column":1}},"line":8},"1":{"name":"main","decl":{"start":{"line":20,"column":21},"end":{"line":20,"column":25}},"loc":{"start":{"line":20,"column":28},"end":{"line":32,"column":7}},"line":20},"2":{"name":"(anonymous_2)","decl":{"start":{"line":40,"column":30},"end":{"line":40,"column":31}},"loc":{"start":{"line":40,"column":62},"end":{"line":64,"column":1}},"line":40}},"branchMap":{},"s":{"0":1,"1":1,"2":1,"3":1,"4":1,"5":0,"6":0,"7":0,"8":0,"9":1,"10":0,"11":0,"12":0,"13":0,"14":1},"f":{"0":0,"1":0,"2":0},"b":{},"_coverageSchema":"1a1c01bbd47fc00a2c39e90264f33305004495a9","hash":"2aaa1de9e04b36796b707752dba5ce61efcff44b"}
,"/Users/seungwaakpan/Desktop/projects/event/event-chat-backend/utils/apiError.js": {"path":"/Users/seungwaakpan/Desktop/projects/event/event-chat-backend/utils/apiError.js","statementMap":{"0":{"start":{"line":3,"column":6},"end":{"line":3,"column":21}},"1":{"start":{"line":4,"column":6},"end":{"line":4,"column":35}},"2":{"start":{"line":5,"column":6},"end":{"line":5,"column":41}},"3":{"start":{"line":6,"column":6},"end":{"line":10,"column":7}},"4":{"start":{"line":7,"column":8},"end":{"line":7,"column":27}},"5":{"start":{"line":9,"column":8},"end":{"line":9,"column":56}},"6":{"start":{"line":14,"column":2},"end":{"line":14,"column":28}}},"fnMap":{"0":{"name":"(anonymous_0)","decl":{"start":{"line":2,"column":4},"end":{"line":2,"column":5}},"loc":{"start":{"line":2,"column":71},"end":{"line":11,"column":5}},"line":2}},"branchMap":{"0":{"loc":{"start":{"line":2,"column":37},"end":{"line":2,"column":57}},"type":"default-arg","locations":[{"start":{"line":2,"column":53},"end":{"line":2,"column":57}}],"line":2},"1":{"loc":{"start":{"line":2,"column":59},"end":{"line":2,"column":69}},"type":"default-arg","locations":[{"start":{"line":2,"column":67},"end":{"line":2,"column":69}}],"line":2},"2":{"loc":{"start":{"line":6,"column":6},"end":{"line":10,"column":7}},"type":"if","locations":[{"start":{"line":6,"column":6},"end":{"line":10,"column":7}},{"start":{"line":8,"column":13},"end":{"line":10,"column":7}}],"line":6}},"s":{"0":0,"1":0,"2":0,"3":0,"4":0,"5":0,"6":1},"f":{"0":0},"b":{"0":[0],"1":[0],"2":[0,0]},"_coverageSchema":"1a1c01bbd47fc00a2c39e90264f33305004495a9","hash":"4527a5a70129c72f6986200449d7859a852c9c27"}
,"/Users/seungwaakpan/Desktop/projects/event/event-chat-backend/utils/pick.js": {"path":"/Users/seungwaakpan/Desktop/projects/event/event-chat-backend/utils/pick.js","statementMap":{"0":{"start":{"line":1,"column":13},"end":{"line":9,"column":3}},"1":{"start":{"line":2,"column":4},"end":{"line":8,"column":11}},"2":{"start":{"line":3,"column":6},"end":{"line":6,"column":7}},"3":{"start":{"line":5,"column":8},"end":{"line":5,"column":31}},"4":{"start":{"line":7,"column":6},"end":{"line":7,"column":17}},"5":{"start":{"line":11,"column":2},"end":{"line":11,"column":24}}},"fnMap":{"0":{"name":"(anonymous_0)","decl":{"start":{"line":1,"column":13},"end":{"line":1,"column":14}},"loc":{"start":{"line":1,"column":31},"end":{"line":9,"column":3}},"line":1},"1":{"name":"(anonymous_1)","decl":{"start":{"line":2,"column":23},"end":{"line":2,"column":24}},"loc":{"start":{"line":2,"column":37},"end":{"line":8,"column":5}},"line":2}},"branchMap":{"0":{"loc":{"start":{"line":3,"column":6},"end":{"line":6,"column":7}},"type":"if","locations":[{"start":{"line":3,"column":6},"end":{"line":6,"column":7}},{"start":{},"end":{}}],"line":3},"1":{"loc":{"start":{"line":3,"column":10},"end":{"line":3,"column":69}},"type":"binary-expr","locations":[{"start":{"line":3,"column":10},"end":{"line":3,"column":16}},{"start":{"line":3,"column":20},"end":{"line":3,"column":69}}],"line":3}},"s":{"0":1,"1":0,"2":0,"3":0,"4":0,"5":1},"f":{"0":0,"1":0},"b":{"0":[0,0],"1":[0,0]},"_coverageSchema":"1a1c01bbd47fc00a2c39e90264f33305004495a9","hash":"883d37c86c35543270daa52a7832d35d6df9a430"}
,"/Users/seungwaakpan/Desktop/projects/event/event-chat-backend/validations/eventValidator.js": {"path":"/Users/seungwaakpan/Desktop/projects/event/event-chat-backend/validations/eventValidator.js","statementMap":{"0":{"start":{"line":1,"column":12},"end":{"line":1,"column":26}},"1":{"start":{"line":3,"column":20},"end":{"line":18,"column":1}},"2":{"start":{"line":20,"column":29},"end":{"line":25,"column":1}},"3":{"start":{"line":27,"column":31},"end":{"line":33,"column":1}},"4":{"start":{"line":35,"column":22},"end":{"line":39,"column":2}},"5":{"start":{"line":41,"column":24},"end":{"line":48,"column":2}},"6":{"start":{"line":51,"column":2},"end":{"line":56,"column":3}}},"fnMap":{},"branchMap":{},"s":{"0":1,"1":1,"2":1,"3":1,"4":1,"5":1,"6":1},"f":{},"b":{},"_coverageSchema":"1a1c01bbd47fc00a2c39e90264f33305004495a9","hash":"fe85f9578c63c29b5f4726955a6be81323b0b3df"}
,"/Users/seungwaakpan/Desktop/projects/event/event-chat-backend/validations/participantValidator.js": {"path":"/Users/seungwaakpan/Desktop/projects/event/event-chat-backend/validations/participantValidator.js","statementMap":{"0":{"start":{"line":1,"column":12},"end":{"line":1,"column":26}},"1":{"start":{"line":3,"column":26},"end":{"line":12,"column":1}},"2":{"start":{"line":14,"column":30},"end":{"line":23,"column":1}},"3":{"start":{"line":28,"column":0},"end":{"line":31,"column":1}}},"fnMap":{},"branchMap":{},"s":{"0":1,"1":1,"2":1,"3":1},"f":{},"b":{},"_coverageSchema":"1a1c01bbd47fc00a2c39e90264f33305004495a9","hash":"f6250bab8878a6a1750ac607c61d0091e611c594"}
,"/Users/seungwaakpan/Desktop/projects/event/event-chat-backend/validations/questionValidator.js": {"path":"/Users/seungwaakpan/Desktop/projects/event/event-chat-backend/validations/questionValidator.js","statementMap":{"0":{"start":{"line":1,"column":12},"end":{"line":1,"column":26}},"1":{"start":{"line":3,"column":23},"end":{"line":11,"column":1}},"2":{"start":{"line":13,"column":26},"end":{"line":22,"column":1}},"3":{"start":{"line":24,"column":29},"end":{"line":30,"column":1}},"4":{"start":{"line":31,"column":0},"end":{"line":35,"column":1}}},"fnMap":{},"branchMap":{},"s":{"0":1,"1":1,"2":1,"3":1,"4":1},"f":{},"b":{},"_coverageSchema":"1a1c01bbd47fc00a2c39e90264f33305004495a9","hash":"268216236a0e9fe5ad565ffb7d8ff2b5f3d4c582"}
,"/Users/seungwaakpan/Desktop/projects/event/event-chat-backend/validations/userValidator.js": {"path":"/Users/seungwaakpan/Desktop/projects/event/event-chat-backend/validations/userValidator.js","statementMap":{"0":{"start":{"line":1,"column":12},"end":{"line":1,"column":26}},"1":{"start":{"line":3,"column":19},"end":{"line":12,"column":1}},"2":{"start":{"line":15,"column":20},"end":{"line":20,"column":1}},"3":{"start":{"line":22,"column":26},"end":{"line":24,"column":2}},"4":{"start":{"line":26,"column":24},"end":{"line":35,"column":1}},"5":{"start":{"line":37,"column":0},"end":{"line":42,"column":1}}},"fnMap":{},"branchMap":{},"s":{"0":1,"1":1,"2":1,"3":1,"4":1,"5":1},"f":{},"b":{},"_coverageSchema":"1a1c01bbd47fc00a2c39e90264f33305004495a9","hash":"47a2e33476cf3d189b416b5fa5425e5ccbb6a4f9"}
}
